<?xml version="1.0" encoding="UTF-8"?>
<testng-results ignored="0" total="1" passed="1" failed="0" skipped="0">
  <reporter-output>
  </reporter-output>
  <suite started-at="2021-01-10T03:08:12Z" name="Default suite" finished-at="2021-01-10T03:08:40Z" duration-ms="28310">
    <groups>
    </groups>
    <test started-at="2021-01-10T03:08:12Z" name="Default test" finished-at="2021-01-10T03:08:40Z" duration-ms="28310">
      <class name="org.train.test.Checklogin">
        <test-method signature="verifyLogin()[pri:0, instance:org.train.test.Checklogin@6f3b5d16]" started-at="2021-01-10T03:08:12Z" name="verifyLogin" finished-at="2021-01-10T03:08:40Z" duration-ms="28224" status="PASS">
          <reporter-output>
          </reporter-output>
        </test-method> <!-- verifyLogin -->
      </class> <!-- org.train.test.Checklogin -->
    </test> <!-- Default test -->
  </suite> <!-- Default suite -->
</testng-results>
